<?xml version="1.0" encoding="UTF-8"?>
<!-- Generated by org.testng.reporters.JUnitXMLReporter -->
<testsuite ignored="0" hostname="Akshitha-PC" failures="0" tests="3" name="Command line test" time="50.291" errors="0" timestamp="2024-04-03T14:56:33 EDT">
  <testcase classname="QA.Tests.SubmitOrderTest" name="submitOrder" time="13.481"/>
  <testcase classname="QA.Tests.SubmitOrderTest" name="submitOrder" time="13.514"/>
  <testcase classname="QA.Tests.SubmitOrderTest" name="orderHistoryTest" time="1.672"/>
</testsuite> <!-- Command line test -->
