<?xml version="1.0" encoding="UTF-8"?>
<!-- Generated by org.testng.reporters.JUnitXMLReporter -->
<testsuite ignored="1" hostname="Akshitha-PC" failures="0" tests="1" name="Error Validation Tests" time="7.793" errors="0" timestamp="2024-04-03T16:33:47 EDT">
  <testcase classname="QA.Tests.ErrorValidationsTests" name="loginErrorValidation" time="0.558"/>
  <testcase classname="QA.Tests.ErrorValidationsTests" name="productErrorValidation" time="0.0">
    <ignored/>
  </testcase> <!-- productErrorValidation -->
</testsuite> <!-- Error Validation Tests -->
