<?xml version="1.0" encoding="UTF-8"?>
<!-- Generated by org.testng.reporters.JUnitXMLReporter -->
<testsuite ignored="2" hostname="Akshitha-PC" failures="0" tests="0" time="0.009" errors="0" timestamp="2024-04-03T16:33:39 EDT">
  <testcase classname="QA.Tests.SubmitOrderTest" name="orderHistoryTest" time="0.0">
    <ignored/>
  </testcase> <!-- orderHistoryTest -->
  <testcase classname="QA.Tests.SubmitOrderTest" name="submitOrder" time="0.0">
    <ignored/>
  </testcase> <!-- submitOrder -->
</testsuite>
