<?xml version="1.0" encoding="UTF-8"?>
<testng-results ignored="0" total="1" passed="1" failed="0" skipped="0">
  <reporter-output>
  </reporter-output>
  <suite started-at="2024-04-03T16:33:39 EDT" name="Suite" finished-at="2024-04-03T16:33:47 EDT" duration-ms="7793">
    <groups>
      <group name="ErrorHandling">
        <method signature="ErrorValidationsTests.loginErrorValidation()[pri:0, instance:QA.Tests.ErrorValidationsTests@409bf450]" name="loginErrorValidation" class="QA.Tests.ErrorValidationsTests"/>
      </group> <!-- ErrorHandling -->
    </groups>
    <test started-at="2024-04-03T16:33:39 EDT" name="Submit Order Tests" finished-at="2024-04-03T16:33:39 EDT" duration-ms="9">
    </test> <!-- Submit Order Tests -->
    <test started-at="2024-04-03T16:33:39 EDT" name="Error Validation Tests" finished-at="2024-04-03T16:33:47 EDT" duration-ms="7793">
      <class name="QA.Tests.ErrorValidationsTests">
        <test-method is-config="true" signature="launchApplication()[pri:0, instance:QA.Tests.ErrorValidationsTests@409bf450]" started-at="2024-04-03T16:33:39 EDT" name="launchApplication" finished-at="2024-04-03T16:33:47 EDT" duration-ms="7166" status="PASS">
          <reporter-output>
          </reporter-output>
        </test-method> <!-- launchApplication -->
        <test-method signature="loginErrorValidation()[pri:0, instance:QA.Tests.ErrorValidationsTests@409bf450]" started-at="2024-04-03T16:33:47 EDT" name="loginErrorValidation" finished-at="2024-04-03T16:33:47 EDT" duration-ms="558" status="PASS">
          <reporter-output>
          </reporter-output>
        </test-method> <!-- loginErrorValidation -->
        <test-method is-config="true" signature="tearDown()[pri:0, instance:QA.Tests.ErrorValidationsTests@409bf450]" started-at="2024-04-03T16:33:47 EDT" name="tearDown" finished-at="2024-04-03T16:33:47 EDT" duration-ms="28" status="PASS">
          <reporter-output>
          </reporter-output>
        </test-method> <!-- tearDown -->
      </class> <!-- QA.Tests.ErrorValidationsTests -->
    </test> <!-- Error Validation Tests -->
  </suite> <!-- Suite -->
</testng-results>
